<?xml version="1.0" encoding="UTF-8"?>
<!-- Generated by org.testng.reporters.JUnitXMLReporter -->
<testsuite ignored="0" hostname="WINDOWS-PAQN9I2" failures="1" tests="1" name="Test" time="66.342" errors="0" timestamp="2024-09-30T19:54:56 IST">
  <testcase classname="testCases.TC001_AccountRegistrationTest" name="verify_account_registration" time="10.424">
    <failure type="java.lang.AssertionError" message="expected [Your Account Has Been Created!!!] but found [Your Account Has Been Created!]">
      <![CDATA[java.lang.AssertionError: expected [Your Account Has Been Created!!!] but found [Your Account Has Been Created!]
at testCases.TC001_AccountRegistrationTest.verify_account_registration(TC001_AccountRegistrationTest.java:47)
at java.base/java.util.ArrayList.forEach(ArrayList.java:1597)
... Removed 31 stack frames]]>
    </failure>
  </testcase> <!-- verify_account_registration -->
</testsuite> <!-- Test -->
