<?xml version="1.0" encoding="UTF-8"?>
<testng-results ignored="0" total="1" passed="1" failed="0" skipped="0">
  <reporter-output>
  </reporter-output>
  <suite started-at="2024-10-04T11:48:04 IST" name="Master Suite" finished-at="2024-10-04T11:48:48 IST" duration-ms="43795">
    <groups>
    </groups>
    <test started-at="2024-10-04T11:48:04 IST" name="Test" finished-at="2024-10-04T11:48:48 IST" duration-ms="43795">
      <class name="testCases.TC002_LoginTest">
        <test-method is-config="true" signature="setUp(java.lang.String,java.lang.String)[pri:0, instance:testCases.TC002_LoginTest@f478a81]" started-at="2024-10-04T11:48:04 IST" name="setUp" finished-at="2024-10-04T11:48:35 IST" duration-ms="30345" status="PASS">
          <params>
            <param index="0">
              <value>
                <![CDATA[Windows]]>
              </value>
            </param>
            <param index="1">
              <value>
                <![CDATA[chrome]]>
              </value>
            </param>
          </params>
          <reporter-output>
          </reporter-output>
        </test-method> <!-- setUp -->
        <test-method signature="verify_Login()[pri:0, instance:testCases.TC002_LoginTest@f478a81]" started-at="2024-10-04T11:48:35 IST" name="verify_Login" finished-at="2024-10-04T11:48:45 IST" duration-ms="10616" status="PASS">
          <reporter-output>
          </reporter-output>
        </test-method> <!-- verify_Login -->
        <test-method is-config="true" signature="TearDown()[pri:0, instance:testCases.TC002_LoginTest@f478a81]" started-at="2024-10-04T11:48:45 IST" name="TearDown" finished-at="2024-10-04T11:48:48 IST" duration-ms="2586" status="PASS">
          <reporter-output>
          </reporter-output>
        </test-method> <!-- TearDown -->
      </class> <!-- testCases.TC002_LoginTest -->
    </test> <!-- Test -->
  </suite> <!-- Master Suite -->
</testng-results>
